make all --print-data-base --no-builtin-variables --no-builtin-rules --question
# GNU Make 3.81
# Copyright (C) 2006  Free Software Foundation, Inc.
# This is free software; see the source for copying conditions.
# There is NO warranty; not even for MERCHANTABILITY or FITNESS FOR A
# PARTICULAR PURPOSE.

# This program built for i386-apple-darwin11.3.0
 
make: *** No rule to make target `all'.  Stop.


# Make data base, printed on Sat Jun  4 01:55:43 2022

# Variables

# automatic
<D = $(patsubst %/,%,$(dir $<))
# automatic
?F = $(notdir $?)
# environment
ELECTRON_NO_ATTACH_CONSOLE = 1
# environment
HOMEBREW_NO_ANALYTICS = 1
# environment
VSCODE_LOG_NATIVE = false
# automatic
?D = $(patsubst %/,%,$(dir $?))
# environment
DIRENV_WATCHES = eJx0zrFOxDAMANB_8Vydz73aKV0RIxILE2JwEocWhQYluTsQ4t_ZEfzA03v6ggftKyyAj81qw9fS1mu1HW9LNHzP-vlSy3mPeLD9UgMMcF9i394MFhKm6cTkeIC7j631BkuvZ_se_kUPuQTN2FathnGrtl9Qcy5XDKLTPPqJjpR8HD2zjImFotAUWJwjoehnp8k5Uk43Mjqe7ej5xCl4-Ss206_Y808AAAD__8GjS3E=
# automatic
@D = $(patsubst %/,%,$(dir $@))
# automatic
@F = $(notdir $@)
# makefile
CURDIR := /Users/joshwren/Code/playground/wren_tree
# makefile
SHELL = /bin/sh
# environment
VSCODE_NLS_CONFIG = {"locale":"en-us","availableLanguages":{},"_languagePackSupport":true}
# environment
_ = /usr/bin/make
# environment
DIRENV_FILE = /Users/joshwren/Code/playground/.envrc
# makefile (from `Makefile', line 1)
MAKEFILE_LIST :=  Makefile
# environment
VSCODE_VERBOSE_LOGGING = true
# environment
__CFBundleIdentifier = com.microsoft.VSCode
# environment
INFOPATH = /opt/homebrew/share/info:
# environment
P9K_SSH = 0
# environment
DIRENV_DIFF = eJyEy8mSmkAAANB_6fMYVhGoyqGHZdjDKtFLl4UtpFllB8t_zymV49zfe4EOyK_3B2iA_AKqGWreGalmCGRwoJIB9wNF2qFYetxQSnvHVFfdtrxvp-YOPv553XQ0IINvPPUDN3Of_W8pjBVDi4AMsLXSe6__WlXoQu8Tieftvp-4m32mQ3M1HY21Fq3N0iK4VFM8BPyIrtpjhzQ3C3n-GO1tg0Rknov0iJh6YoxUcjxj9w9zFW1c7WNHlZLcdTNd-sNJvKsXdi1kcYlN5UQEjvksp_mKBozKxJ-C2GP121g0X_1YSUG2HX-rthP7_tMiXSgaKrsTs9bbESaptZAWF00nlsek5DmXPPEJk-OqVPwhGlhaQBeRFiGEKkLiF4k47Sd4v_8GAAD__7HSes0=
# environment
VSCODE_IPC_HOOK_EXTHOST = /var/folders/cb/cnslqvfs0_b08ynxck9cnhs80000gp/T/vscode-ipc-40dd3d56-59b2-425d-8b4d-d8974fa0cbab.sock
# environment
VSCODE_CWD = /Users/joshwren/Code/playground/wren_tree
# environment
PATH = /Users/joshwren/google-cloud-sdk/bin:/opt/homebrew/Cellar/pyenv-virtualenv/1.1.5/shims:/Users/joshwren/.pyenv/shims:/Users/joshwren/.pyenv/bin:.git/safe/../../bin:/Users/joshwren/.asdf/shims:/Users/joshwren/.asdf/bin:/Users/joshwren/.bin:/usr/local/sbin:/opt/homebrew/bin:/opt/homebrew/sbin:/usr/local/bin:/usr/bin:/bin:/usr/sbin:/sbin:/Users/josh.wren/.local/bin:/usr/local/bin/redcli:/Users/josh.wren/dotfiles-local/zsh-git-prompt/src/.bin:/Users/joshwren/Code/youversion/yv/bin:/Users/joshwren/.fzf/bin
# environment
LaunchInstanceID = 7D9C17B2-018C-4806-8BF4-15D64920B374
# environment
VSCODE_LOG_STACK = false
# environment
ELECTRON_RUN_AS_NODE = 1
# environment
PYENV_ROOT = /Users/joshwren/.pyenv
# default
.FEATURES := target-specific order-only second-expansion else-if archives jobserver check-symlink
# environment
SSH_AUTH_SOCK = /private/tmp/com.apple.launchd.zbk7hy6mMw/Listeners
# automatic
%F = $(notdir $%)
# environment
VISUAL = vim
# environment
VSCODE_PIPE_LOGGING = true
# environment
PWD = /Users/joshwren/code/playground/wren_tree
# environment
ERL_AFLAGS = -kernel shell_history enabled
# environment
HOMEBREW_CELLAR = /opt/homebrew/Cellar
# environment
ORIGINAL_XDG_CURRENT_DESKTOP = undefined
# environment
MANPATH = /opt/homebrew/share/man::
# environment
VSCODE_AMD_ENTRYPOINT = vs/workbench/api/node/extensionHostProcess
# environment
PYENV_SHELL = zsh
# environment
HOME = /Users/joshwren
# default
MAKEFILEPATH = $(shell /usr/bin/xcode-select -print-path 2>/dev/null || echo /Developer)/Makefiles
# environment
VSCODE_CLI = 1
# environment
VSCODE_CODE_CACHE_PATH = /Users/joshwren/Library/Application Support/Code/CachedData/c3511e6c69bb39013c4a4b7b9566ec1ca73fc4d5
# environment
LOGNAME = joshwren
# environment
APPLICATION_INSIGHTS_NO_DIAGNOSTIC_CHANNEL = 1
# environment
VSCODE_HANDLES_UNCAUGHT_ERRORS = true
# automatic
^D = $(patsubst %/,%,$(dir $^))
# environment
XPC_FLAGS = 0x0
# environment
COLORTERM = truecolor
# default
MAKE = $(MAKE_COMMAND)
# environment
LC_TERMINAL = iTerm2
# environment
DIRENV_DIR = -/Users/joshwren/Code/playground
# environment
SHLVL = 3
# default
MAKE_VERSION := 3.81
# environment
USER = joshwren
# makefile
.DEFAULT_GOAL := postgres
# default
MAKECMDGOALS := all
# environment
TERM_SESSION_ID = w0t2p0:11C3899E-74DD-436F-B61D-468D5BAFE89B
# automatic
%D = $(patsubst %/,%,$(dir $%))
# default
MAKE_COMMAND := /Library/Developer/CommandLineTools/usr/bin/make
# environment
TERM_PROGRAM = iTerm.app
# default
.VARIABLES := 
# environment
TMPDIR = /var/folders/cb/cnslqvfs0_b08ynxck9cnhs80000gp/T/
# automatic
*F = $(notdir $*)
# environment
VSCODE_IPC_HOOK = /Users/joshwren/Library/Application Support/Code/1.67.2-main.sock
# makefile
MAKEFLAGS = Rrqp
# environment
MFLAGS = -Rrqp
# automatic
*D = $(patsubst %/,%,$(dir $*))
# environment
TERM_PROGRAM_VERSION = 3.4.15
# environment
XPC_SERVICE_NAME = application.com.microsoft.VSCode.8278001.8278011.6D016ECA-1B43-41C6-88BD-7DB8B6AC7529
# environment
LC_TERMINAL_VERSION = 3.4.15
# environment
HOMEBREW_PREFIX = /opt/homebrew
# automatic
+D = $(patsubst %/,%,$(dir $+))
# automatic
+F = $(notdir $+)
# environment
ITERM_SESSION_ID = w0t2p0:11C3899E-74DD-436F-B61D-468D5BAFE89B
# environment
HOMEBREW_REPOSITORY = /opt/homebrew
# environment
COLORFGBG = 7;0
# environment
__CF_USER_TEXT_ENCODING = 0x1F6:0x0:0x0
# environment
COMMAND_MODE = unix2003
# default
MAKEFILES := 
# automatic
<F = $(notdir $<)
# environment
ITERM_PROFILE = Default
# environment
EDITOR = code -w
# environment
LC_ALL = C
# environment
PYENV_VIRTUALENV_DISABLE_PROMPT = 1
# environment
SECURITYSESSIONID = 186b4
# environment
P9K_TTY = old
# automatic
^F = $(notdir $^)
# default
SUFFIXES := 
# environment
ASDF_DIR = /Users/joshwren/.asdf
# environment
PYENV_VIRTUALENV_INIT = 1
# default
.INCLUDE_DIRS = /usr/local/include
# environment
MAKELEVEL := 0
# environment
CLICOLOR = 1
# environment
LANG = C
# environment
TERM = xterm-256color
# environment
_P9K_TTY = /dev/ttys006
# environment
VSCODE_PID = 26560
# environment
ZSH_EVALCACHE_DIR = /Users/joshwren/.zsh-evalcache
# variable set hash-table stats:
# Load=99/1024=10%, Rehash=0, Collisions=5/123=4%

# Pattern-specific Variable Values

# No pattern-specific variable values.

# Directories

# . (device 16777232, inode 9385307): 14 files, no impossibilities.

# 14 files, no impossibilities in 1 directories.

# Implicit Rules

# No implicit rules.

# Files

postgres:
#  Implicit rule search has not been done.
#  Modification time never checked.
#  File has not been updated.
#  commands to execute (from `Makefile', line 2):
	yoyo apply -c yoyo.ini
	

# Not a target:
all:
#  Command-line target.
#  Implicit rule search has been done.
#  File does not exist.
#  File has not been updated.
# variable set hash-table stats:
# Load=0/32=0%, Rehash=0, Collisions=0/0=0%

# Not a target:
.SUFFIXES:
#  Implicit rule search has not been done.
#  Modification time never checked.
#  File has not been updated.

# Not a target:
Makefile:
#  Implicit rule search has been done.
#  Last modified 2022-06-03 11:37:16
#  File has been updated.
#  Successfully updated.
# variable set hash-table stats:
# Load=0/32=0%, Rehash=0, Collisions=0/0=0%

# Not a target:
.DEFAULT:
#  Implicit rule search has not been done.
#  Modification time never checked.
#  File has not been updated.

# files hash-table stats:
# Load=5/1024=0%, Rehash=0, Collisions=0/17=0%
# VPATH Search Paths

# No `vpath' search paths.

# No general (`VPATH' variable) search path.

# # of strings in strcache: 1
# # of strcache buffers: 1
# strcache size: total = 4096 / max = 4096 / min = 4096 / avg = 4096
# strcache free: total = 4087 / max = 4087 / min = 4087 / avg = 4087

# Finished Make data base on Sat Jun  4 01:55:43 2022

 
